# JRE version: Java(TM) SE Runtime Environment (8.0_101-b13) (build 1.8.0_101-b13)
# Java VM: Java HotSpot(TM) 64-Bit Server VM (25.101-b13 mixed mode windows-amd64 compressed oops)
Heap:
 PSYoungGen      total 412672K, used 224847K [0x000000076b400000, 0x000000078b200000, 0x00000007c0000000)
  eden space 406528K, 53% used [0x000000076b400000,0x00000007789d6bb8,0x0000000784100000)
  from space 6144K, 95% used [0x000000078ac00000,0x000000078b1bd2f0,0x000000078b200000)
  to   space 22016K, 0% used [0x0000000788700000,0x0000000788700000,0x0000000789c80000)
 ParOldGen       total 254976K, used 44479K [0x00000006c1c00000, 0x00000006d1500000, 0x000000076b400000)
  object space 254976K, 17% used [0x00000006c1c00000,0x00000006c476fec8,0x00000006d1500000)
 Metaspace       used 69658K, capacity 73218K, committed 73344K, reserved 1114112K
  class space    used 8624K, capacity 9221K, committed 9344K, reserved 1048576K
GC Heap History (10 events):
Event: 16.047 GC heap before
{Heap before GC invocations=13 (full 2):
 PSYoungGen      total 356864K, used 356862K [0x000000076b400000, 0x0000000782580000, 0x00000007c0000000)
  eden space 343040K, 100% used [0x000000076b400000,0x0000000780300000,0x0000000780300000)
  from space 13824K, 99% used [0x0000000781800000,0x000000078257fb60,0x0000000782580000)
  to   space 16384K, 0% used [0x0000000780580000,0x0000000780580000,0x0000000781580000)
 ParOldGen       total 163840K, used 20254K [0x00000006c1c00000, 0x00000006cbc00000, 0x000000076b400000)
  object space 163840K, 12% used [0x00000006c1c00000,0x00000006c2fc79f8,0x00000006cbc00000)
 Metaspace       used 51739K, capacity 53928K, committed 54016K, reserved 1095680K
  class space    used 6493K, capacity 6886K, committed 6912K, reserved 1048576K
Event: 16.075 GC heap after
Heap after GC invocations=13 (full 2):
 PSYoungGen      total 361984K, used 16041K [0x000000076b400000, 0x0000000787700000, 0x00000007c0000000)
  eden space 345600K, 0% used [0x000000076b400000,0x000000076b400000,0x0000000780580000)
  from space 16384K, 97% used [0x0000000780580000,0x000000078152a5e8,0x0000000781580000)
  to   space 18432K, 0% used [0x0000000786500000,0x0000000786500000,0x0000000787700000)
 ParOldGen       total 163840K, used 27889K [0x00000006c1c00000, 0x00000006cbc00000, 0x000000076b400000)
  object space 163840K, 17% used [0x00000006c1c00000,0x00000006c373c4e0,0x00000006cbc00000)
 Metaspace       used 51739K, capacity 53928K, committed 54016K, reserved 1095680K
  class space    used 6493K, capacity 6886K, committed 6912K, reserved 1048576K
}
Event: 18.357 GC heap before
{Heap before GC invocations=14 (full 2):
 PSYoungGen      total 361984K, used 336621K [0x000000076b400000, 0x0000000787700000, 0x00000007c0000000)
  eden space 345600K, 92% used [0x000000076b400000,0x000000077ed110e0,0x0000000780580000)
  from space 16384K, 97% used [0x0000000780580000,0x000000078152a5e8,0x0000000781580000)
  to   space 18432K, 0% used [0x0000000786500000,0x0000000786500000,0x0000000787700000)
 ParOldGen       total 163840K, used 27889K [0x00000006c1c00000, 0x00000006cbc00000, 0x000000076b400000)
  object space 163840K, 17% used [0x00000006c1c00000,0x00000006c373c4e0,0x00000006cbc00000)
 Metaspace       used 56539K, capacity 59062K, committed 59136K, reserved 1101824K
  class space    used 7168K, capacity 7627K, committed 7680K, reserved 1048576K
Event: 18.393 GC heap after
Heap after GC invocations=14 (full 2):
 PSYoungGen      total 438784K, used 18408K [0x000000076b400000, 0x0000000788900000, 0x00000007c0000000)
  eden space 420352K, 0% used [0x000000076b400000,0x000000076b400000,0x0000000784e80000)
  from space 18432K, 99% used [0x0000000786500000,0x00000007876fa0f0,0x0000000787700000)
  to   space 23040K, 0% used [0x0000000784e80000,0x0000000784e80000,0x0000000786500000)
 ParOldGen       total 163840K, used 33987K [0x00000006c1c00000, 0x00000006cbc00000, 0x000000076b400000)
  object space 163840K, 20% used [0x00000006c1c00000,0x00000006c3d30c00,0x00000006cbc00000)
 Metaspace       used 56539K, capacity 59062K, committed 59136K, reserved 1101824K
  class space    used 7168K, capacity 7627K, committed 7680K, reserved 1048576K
}
Event: 18.393 GC heap before
{Heap before GC invocations=15 (full 3):
 PSYoungGen      total 438784K, used 18408K [0x000000076b400000, 0x0000000788900000, 0x00000007c0000000)
  eden space 420352K, 0% used [0x000000076b400000,0x000000076b400000,0x0000000784e80000)
  from space 18432K, 99% used [0x0000000786500000,0x00000007876fa0f0,0x0000000787700000)
  to   space 23040K, 0% used [0x0000000784e80000,0x0000000784e80000,0x0000000786500000)
 ParOldGen       total 163840K, used 33987K [0x00000006c1c00000, 0x00000006cbc00000, 0x000000076b400000)
  object space 163840K, 20% used [0x00000006c1c00000,0x00000006c3d30c00,0x00000006cbc00000)
 Metaspace       used 56539K, capacity 59062K, committed 59136K, reserved 1101824K
  class space    used 7168K, capacity 7627K, committed 7680K, reserved 1048576K
Event: 18.766 GC heap after
Heap after GC invocations=15 (full 3):
 PSYoungGen      total 438784K, used 0K [0x000000076b400000, 0x0000000788900000, 0x00000007c0000000)
  eden space 420352K, 0% used [0x000000076b400000,0x000000076b400000,0x0000000784e80000)
  from space 18432K, 0% used [0x0000000786500000,0x0000000786500000,0x0000000787700000)
  to   space 23040K, 0% used [0x0000000784e80000,0x0000000784e80000,0x0000000786500000)
 ParOldGen       total 254976K, used 44455K [0x00000006c1c00000, 0x00000006d1500000, 0x000000076b400000)
  object space 254976K, 17% used [0x00000006c1c00000,0x00000006c4769ec8,0x00000006d1500000)
 Metaspace       used 56539K, capacity 59062K, committed 59136K, reserved 1101824K
  class space    used 7168K, capacity 7627K, committed 7680K, reserved 1048576K
}
Event: 216.325 GC heap before
{Heap before GC invocations=16 (full 3):
 PSYoungGen      total 438784K, used 420352K [0x000000076b400000, 0x0000000788900000, 0x00000007c0000000)
  eden space 420352K, 100% used [0x000000076b400000,0x0000000784e80000,0x0000000784e80000)
  from space 18432K, 0% used [0x0000000786500000,0x0000000786500000,0x0000000787700000)
  to   space 23040K, 0% used [0x0000000784e80000,0x0000000784e80000,0x0000000786500000)
 ParOldGen       total 254976K, used 44455K [0x00000006c1c00000, 0x00000006d1500000, 0x000000076b400000)
  object space 254976K, 17% used [0x00000006c1c00000,0x00000006c4769ec8,0x00000006d1500000)
 Metaspace       used 68222K, capacity 71486K, committed 71680K, reserved 1112064K
  class space    used 8542K, capacity 9097K, committed 9216K, reserved 1048576K
Event: 216.334 GC heap after
Heap after GC invocations=16 (full 3):
 PSYoungGen      total 443392K, used 11946K [0x000000076b400000, 0x000000078c200000, 0x00000007c0000000)
  eden space 420352K, 0% used [0x000000076b400000,0x000000076b400000,0x0000000784e80000)
  from space 23040K, 51% used [0x0000000784e80000,0x0000000785a2a8d8,0x0000000786500000)
  to   space 22528K, 0% used [0x000000078ac00000,0x000000078ac00000,0x000000078c200000)
 ParOldGen       total 254976K, used 44471K [0x00000006c1c00000, 0x00000006d1500000, 0x000000076b400000)
  object space 254976K, 17% used [0x00000006c1c00000,0x00000006c476dec8,0x00000006d1500000)
 Metaspace       used 68222K, capacity 71486K, committed 71680K, reserved 1112064K
  class space    used 8542K, capacity 9097K, committed 9216K, reserved 1048576K
}
Event: 792.280 GC heap before
{Heap before GC invocations=17 (full 3):
 PSYoungGen      total 443392K, used 432298K [0x000000076b400000, 0x000000078c200000, 0x00000007c0000000)
  eden space 420352K, 100% used [0x000000076b400000,0x0000000784e80000,0x0000000784e80000)
  from space 23040K, 51% used [0x0000000784e80000,0x0000000785a2a8d8,0x0000000786500000)
  to   space 22528K, 0% used [0x000000078ac00000,0x000000078ac00000,0x000000078c200000)
 ParOldGen       total 254976K, used 44471K [0x00000006c1c00000, 0x00000006d1500000, 0x000000076b400000)
  object space 254976K, 17% used [0x00000006c1c00000,0x00000006c476dec8,0x00000006d1500000)
 Metaspace       used 69320K, capacity 72832K, committed 72960K, reserved 1114112K
  class space    used 8612K, capacity 9200K, committed 9216K, reserved 1048576K
Event: 792.288 GC heap after
Heap after GC invocations=17 (full 3):
 PSYoungGen      total 412672K, used 5876K [0x000000076b400000, 0x000000078b200000, 0x00000007c0000000)
  eden space 406528K, 0% used [0x000000076b400000,0x000000076b400000,0x0000000784100000)
  from space 6144K, 95% used [0x000000078ac00000,0x000000078b1bd2f0,0x000000078b200000)
  to   space 22016K, 0% used [0x0000000788700000,0x0000000788700000,0x0000000789c80000)
 ParOldGen       total 254976K, used 44479K [0x00000006c1c00000, 0x00000006d1500000, 0x000000076b400000)
  object space 254976K, 17% used [0x00000006c1c00000,0x00000006c476fec8,0x00000006d1500000)
 Metaspace       used 69320K, capacity 72832K, committed 72960K, reserved 1114112K
  class space    used 8612K, capacity 9200K, committed 9216K, reserved 1048576K
}

