# JRE version: Java(TM) SE Runtime Environment (8.0_101-b13) (build 1.8.0_101-b13)
# Java VM: Java HotSpot(TM) 64-Bit Server VM (25.101-b13 mixed mode windows-amd64 compressed oops)
Heap:
 PSYoungGen      total 312320K, used 206474K [0x000000076b400000, 0x0000000784f00000, 0x00000007c0000000)
  eden space 308224K, 65% used [0x000000076b400000,0x00000007779c3f08,0x000000077e100000)
  from space 4096K, 96% used [0x0000000784b00000,0x0000000784edebc0,0x0000000784f00000)
  to   space 23040K, 0% used [0x0000000782200000,0x0000000782200000,0x0000000783880000)
 ParOldGen       total 246272K, used 36115K [0x00000006c1c00000, 0x00000006d0c80000, 0x000000076b400000)
  object space 246272K, 14% used [0x00000006c1c00000,0x00000006c3f44e08,0x00000006d0c80000)
 Metaspace       used 61872K, capacity 64810K, committed 65024K, reserved 1105920K
  class space    used 7938K, capacity 8431K, committed 8448K, reserved 1048576K
GC Heap History (10 events):
Event: 22.174 GC heap before
{Heap before GC invocations=13 (full 2):
 PSYoungGen      total 353280K, used 264840K [0x000000076b400000, 0x0000000782880000, 0x00000007c0000000)
  eden space 337408K, 73% used [0x000000076b400000,0x000000077a725dd8,0x000000077fd80000)
  from space 15872K, 99% used [0x0000000781000000,0x0000000781f7c2c8,0x0000000781f80000)
  to   space 18944K, 0% used [0x000000077fd80000,0x000000077fd80000,0x0000000781000000)
 ParOldGen       total 169472K, used 22790K [0x00000006c1c00000, 0x00000006cc180000, 0x000000076b400000)
  object space 169472K, 13% used [0x00000006c1c00000,0x00000006c3241920,0x00000006cc180000)
 Metaspace       used 56411K, capacity 59070K, committed 59160K, reserved 1101824K
  class space    used 7330K, capacity 7799K, committed 7808K, reserved 1048576K
Event: 22.193 GC heap after
Heap after GC invocations=13 (full 2):
 PSYoungGen      total 356352K, used 18928K [0x000000076b400000, 0x0000000787800000, 0x00000007c0000000)
  eden space 337408K, 0% used [0x000000076b400000,0x000000076b400000,0x000000077fd80000)
  from space 18944K, 99% used [0x000000077fd80000,0x0000000780ffc308,0x0000000781000000)
  to   space 23552K, 0% used [0x0000000786100000,0x0000000786100000,0x0000000787800000)
 ParOldGen       total 169472K, used 28500K [0x00000006c1c00000, 0x00000006cc180000, 0x000000076b400000)
  object space 169472K, 16% used [0x00000006c1c00000,0x00000006c37d53a8,0x00000006cc180000)
 Metaspace       used 56411K, capacity 59070K, committed 59160K, reserved 1101824K
  class space    used 7330K, capacity 7799K, committed 7808K, reserved 1048576K
}
Event: 22.193 GC heap before
{Heap before GC invocations=14 (full 3):
 PSYoungGen      total 356352K, used 18928K [0x000000076b400000, 0x0000000787800000, 0x00000007c0000000)
  eden space 337408K, 0% used [0x000000076b400000,0x000000076b400000,0x000000077fd80000)
  from space 18944K, 99% used [0x000000077fd80000,0x0000000780ffc308,0x0000000781000000)
  to   space 23552K, 0% used [0x0000000786100000,0x0000000786100000,0x0000000787800000)
 ParOldGen       total 169472K, used 28500K [0x00000006c1c00000, 0x00000006cc180000, 0x000000076b400000)
  object space 169472K, 16% used [0x00000006c1c00000,0x00000006c37d53a8,0x00000006cc180000)
 Metaspace       used 56411K, capacity 59070K, committed 59160K, reserved 1101824K
  class space    used 7330K, capacity 7799K, committed 7808K, reserved 1048576K
Event: 22.338 GC heap after
Heap after GC invocations=14 (full 3):
 PSYoungGen      total 356352K, used 0K [0x000000076b400000, 0x0000000787800000, 0x00000007c0000000)
  eden space 337408K, 0% used [0x000000076b400000,0x000000076b400000,0x000000077fd80000)
  from space 18944K, 0% used [0x000000077fd80000,0x000000077fd80000,0x0000000781000000)
  to   space 23552K, 0% used [0x0000000786100000,0x0000000786100000,0x0000000787800000)
 ParOldGen       total 246272K, used 36091K [0x00000006c1c00000, 0x00000006d0c80000, 0x000000076b400000)
  object space 246272K, 14% used [0x00000006c1c00000,0x00000006c3f3ee08,0x00000006d0c80000)
 Metaspace       used 56411K, capacity 59070K, committed 59160K, reserved 1101824K
  class space    used 7330K, capacity 7799K, committed 7808K, reserved 1048576K
}
Event: 298.804 GC heap before
{Heap before GC invocations=15 (full 3):
 PSYoungGen      total 356352K, used 337408K [0x000000076b400000, 0x0000000787800000, 0x00000007c0000000)
  eden space 337408K, 100% used [0x000000076b400000,0x000000077fd80000,0x000000077fd80000)
  from space 18944K, 0% used [0x000000077fd80000,0x000000077fd80000,0x0000000781000000)
  to   space 23552K, 0% used [0x0000000786100000,0x0000000786100000,0x0000000787800000)
 ParOldGen       total 246272K, used 36091K [0x00000006c1c00000, 0x00000006d0c80000, 0x000000076b400000)
  object space 246272K, 14% used [0x00000006c1c00000,0x00000006c3f3ee08,0x00000006d0c80000)
 Metaspace       used 61195K, capacity 64178K, committed 64256K, reserved 1105920K
  class space    used 7925K, capacity 8425K, committed 8448K, reserved 1048576K
Event: 298.810 GC heap after
Heap after GC invocations=15 (full 3):
 PSYoungGen      total 334336K, used 6819K [0x000000076b400000, 0x0000000786800000, 0x00000007c0000000)
  eden space 327168K, 0% used [0x000000076b400000,0x000000076b400000,0x000000077f380000)
  from space 7168K, 95% used [0x0000000786100000,0x00000007867a8ce8,0x0000000786800000)
  to   space 23040K, 0% used [0x0000000783b00000,0x0000000783b00000,0x0000000785180000)
 ParOldGen       total 246272K, used 36099K [0x00000006c1c00000, 0x00000006d0c80000, 0x000000076b400000)
  object space 246272K, 14% used [0x00000006c1c00000,0x00000006c3f40e08,0x00000006d0c80000)
 Metaspace       used 61195K, capacity 64178K, committed 64256K, reserved 1105920K
  class space    used 7925K, capacity 8425K, committed 8448K, reserved 1048576K
}
Event: 816.323 GC heap before
{Heap before GC invocations=16 (full 3):
 PSYoungGen      total 334336K, used 333987K [0x000000076b400000, 0x0000000786800000, 0x00000007c0000000)
  eden space 327168K, 100% used [0x000000076b400000,0x000000077f380000,0x000000077f380000)
  from space 7168K, 95% used [0x0000000786100000,0x00000007867a8ce8,0x0000000786800000)
  to   space 23040K, 0% used [0x0000000783b00000,0x0000000783b00000,0x0000000785180000)
 ParOldGen       total 246272K, used 36099K [0x00000006c1c00000, 0x00000006d0c80000, 0x000000076b400000)
  object space 246272K, 14% used [0x00000006c1c00000,0x00000006c3f40e08,0x00000006d0c80000)
 Metaspace       used 61623K, capacity 64604K, committed 64768K, reserved 1105920K
  class space    used 7931K, capacity 8430K, committed 8448K, reserved 1048576K
Event: 816.328 GC heap after
Heap after GC invocations=16 (full 3):
 PSYoungGen      total 321536K, used 3930K [0x000000076b400000, 0x0000000786180000, 0x00000007c0000000)
  eden space 317440K, 0% used [0x000000076b400000,0x000000076b400000,0x000000077ea00000)
  from space 4096K, 95% used [0x0000000783b00000,0x0000000783ed6bc0,0x0000000783f00000)
  to   space 23040K, 0% used [0x0000000784b00000,0x0000000784b00000,0x0000000786180000)
 ParOldGen       total 246272K, used 36107K [0x00000006c1c00000, 0x00000006d0c80000, 0x000000076b400000)
  object space 246272K, 14% used [0x00000006c1c00000,0x00000006c3f42e08,0x00000006d0c80000)
 Metaspace       used 61623K, capacity 64604K, committed 64768K, reserved 1105920K
  class space    used 7931K, capacity 8430K, committed 8448K, reserved 1048576K
}
Event: 1373.958 GC heap before
{Heap before GC invocations=17 (full 3):
 PSYoungGen      total 321536K, used 321370K [0x000000076b400000, 0x0000000786180000, 0x00000007c0000000)
  eden space 317440K, 100% used [0x000000076b400000,0x000000077ea00000,0x000000077ea00000)
  from space 4096K, 95% used [0x0000000783b00000,0x0000000783ed6bc0,0x0000000783f00000)
  to   space 23040K, 0% used [0x0000000784b00000,0x0000000784b00000,0x0000000786180000)
 ParOldGen       total 246272K, used 36107K [0x00000006c1c00000, 0x00000006d0c80000, 0x000000076b400000)
  object space 246272K, 14% used [0x00000006c1c00000,0x00000006c3f42e08,0x00000006d0c80000)
 Metaspace       used 61788K, capacity 64746K, committed 64768K, reserved 1105920K
  class space    used 7936K, capacity 8431K, committed 8448K, reserved 1048576K
Event: 1373.962 GC heap after
Heap after GC invocations=17 (full 3):
 PSYoungGen      total 312320K, used 3962K [0x000000076b400000, 0x0000000784f00000, 0x00000007c0000000)
  eden space 308224K, 0% used [0x000000076b400000,0x000000076b400000,0x000000077e100000)
  from space 4096K, 96% used [0x0000000784b00000,0x0000000784edebc0,0x0000000784f00000)
  to   space 23040K, 0% used [0x0000000782200000,0x0000000782200000,0x0000000783880000)
 ParOldGen       total 246272K, used 36115K [0x00000006c1c00000, 0x00000006d0c80000, 0x000000076b400000)
  object space 246272K, 14% used [0x00000006c1c00000,0x00000006c3f44e08,0x00000006d0c80000)
 Metaspace       used 61788K, capacity 64746K, committed 64768K, reserved 1105920K
  class space    used 7936K, capacity 8431K, committed 8448K, reserved 1048576K
}

